[srivastava-abhishek.in/index.html]
[backblue.gif]
[fade.gif]
[index.html]
[srivastava-abhishek.in/assets/img/A2.png]
[srivastava-abhishek.in/assets/vendor/aos/aos.css]
[srivastava-abhishek.in/assets/vendor/bootstrap/css/bootstrap.min.css]
[srivastava-abhishek.in/assets/vendor/bootstrap-icons/bootstrap-icons.css]
[srivastava-abhishek.in/assets/vendor/boxicons/css/boxicons.min.css]
[srivastava-abhishek.in/assets/vendor/glightbox/css/glightbox.min.css]
[srivastava-abhishek.in/assets/vendor/swiper/swiper-bundle.min.css]
[srivastava-abhishek.in/assets/css/style.css]
[srivastava-abhishek.in/assets/img/profile-img.jpg]
[srivastava-abhishek.in/index-2.html]
[srivastava-abhishek.in/cdn-cgi/l/email-protection.html]
[srivastava-abhishek.in/assets/img/cc.png]
[srivastava-abhishek.in/assets/img/iskon.png]
[srivastava-abhishek.in/assets/img/cn.jpg]
[srivastava-abhishek.in/assets/img/code.png]
[srivastava-abhishek.in/Calci.html]
[srivastava-abhishek.in/assets/img/portfolio/c1.png]
[srivastava-abhishek.in/assets/img/portfolio/innovanza.png]
[srivastava-abhishek.in/innovanza.html]
[srivastava-abhishek.in/assets/img/portfolio/certiv.png]
[srivastava-abhishek.in/certi.html]
[srivastava-abhishek.in/assets/img/portfolio/dnbplay.png]
[srivastava-abhishek.in/dots.html]
[srivastava-abhishek.in/assets/img/portfolio/port.png]
[srivastava-abhishek.in/assets/img/portfolio/app.jpg]
[srivastava-abhishek.in/assets/img/springboot.png]
[srivastava-abhishek.in/assets/img/java.png]
[srivastava-abhishek.in/assets/img/railways.png]
[srivastava-abhishek.in/cdn-cgi/scripts/5c5dd728/cloudflare-static/email-decode.min.js]
[srivastava-abhishek.in/assets/vendor/purecounter/purecounter_vanilla.js]
[srivastava-abhishek.in/assets/vendor/aos/aos.js]
[srivastava-abhishek.in/assets/vendor/bootstrap/js/bootstrap.bundle.min.js]
[srivastava-abhishek.in/assets/vendor/glightbox/js/glightbox.min.js]
[srivastava-abhishek.in/assets/vendor/isotope-layout/isotope.pkgd.min.js]
[srivastava-abhishek.in/assets/vendor/swiper/swiper-bundle.min.js]
[srivastava-abhishek.in/assets/vendor/typed.js/typed.umd.js]
[srivastava-abhishek.in/assets/vendor/waypoints/noframework.waypoints.js]
[srivastava-abhishek.in/assets/vendor/php-email-form/validate.js]
[srivastava-abhishek.in/assets/js/main.js]
[srivastava-abhishek.in/index.html]
[srivastava-abhishek.in/assets/vendor/aos/aos.css]
[srivastava-abhishek.in/assets/vendor/bootstrap/css/bootstrap.min.css]
[srivastava-abhishek.in/assets/vendor/bootstrap-icons/fonts/bootstrap-iconse52a.woff2]
[srivastava-abhishek.in/assets/vendor/bootstrap-icons/fonts/bootstrap-iconse52a.woff]
[srivastava-abhishek.in/assets/vendor/bootstrap-icons/bootstrap-icons.css]
[srivastava-abhishek.in/assets/vendor/boxicons/fonts/boxicons.eot]
[srivastava-abhishek.in/assets/vendor/boxicons/fonts/boxicons.woff2]
[srivastava-abhishek.in/assets/vendor/boxicons/fonts/boxicons.woff]
[srivastava-abhishek.in/assets/vendor/boxicons/css/boxicons.min.css]
[srivastava-abhishek.in/assets/vendor/glightbox/css/glightbox.min.css]
[srivastava-abhishek.in/assets/vendor/swiper/swiper-bundle.min.css]
[srivastava-abhishek.in/assets/vendor/boxicons/fonts/boxicons.ttf]
[srivastava-abhishek.in/assets/img/hero-bg.jpg]
[srivastava-abhishek.in/assets/css/style.css]
[srivastava-abhishek.in/index-2.html]
[srivastava-abhishek.in/cdn-cgi/l/email-protection.html]
[srivastava-abhishek.in/assets/vendor/boxicons/fonts/boxiconsd41d.svg]
[srivastava-abhishek.in/assets/img/portfolio/c2.png]
[srivastava-abhishek.in/assets/img/portfolio/c3.png]
[srivastava-abhishek.in/Calci.html]
[srivastava-abhishek.in/assets/img/portfolio/i1.png]
[srivastava-abhishek.in/assets/img/portfolio/i2.png]
[srivastava-abhishek.in/assets/img/portfolio/i3.png]
[srivastava-abhishek.in/innovanza.html]
[srivastava-abhishek.in/assets/img/portfolio/certi1.png]
[srivastava-abhishek.in/assets/img/portfolio/certi2.png]
[srivastava-abhishek.in/assets/img/portfolio/certi3.png]
[srivastava-abhishek.in/assets/img/portfolio/certi4.png]
[srivastava-abhishek.in/certi.html]
[srivastava-abhishek.in/assets/img/portfolio/dot1.png]
[srivastava-abhishek.in/assets/img/portfolio/dot2.png]
[srivastava-abhishek.in/assets/img/portfolio/dot3.png]
[srivastava-abhishek.in/assets/img/portfolio/dot4.png]
[srivastava-abhishek.in/dots.html]
[srivastava-abhishek.in/assets/vendor/boxicons/fonts/boxiconsd41d.svg]
